Information: Updating design information... (UID-85)
 
****************************************
Report : qor
Design : adder
Version: P-2019.03-SP1-1
Date   : Tue Mar  9 22:34:14 2021
****************************************


  Timing Path Group 'INPUTS'
  -----------------------------------
  Levels of Logic:               0.00
  Critical Path Length:          0.01
  Critical Path Slack:           0.40
  Critical Path Clk Period:      1.00
  Total Negative Slack:          0.00
  No. of Violating Paths:        0.00
  Worst Hold Violation:          0.00
  Total Hold Violation:          0.00
  No. of Hold Violations:        0.00
  -----------------------------------

  Timing Path Group 'OUTPUTS'
  -----------------------------------
  Levels of Logic:               0.00
  Critical Path Length:          0.27
  Critical Path Slack:           0.61
  Critical Path Clk Period:      1.00
  Total Negative Slack:          0.00
  No. of Violating Paths:        0.00
  Worst Hold Violation:          0.00
  Total Hold Violation:          0.00
  No. of Hold Violations:        0.00
  -----------------------------------

  Timing Path Group 'clock'
  -----------------------------------
  Levels of Logic:               3.00
  Critical Path Length:          0.73
  Critical Path Slack:           0.01
  Critical Path Clk Period:      1.00
  Total Negative Slack:          0.00
  No. of Violating Paths:        0.00
  Worst Hold Violation:          0.00
  Total Hold Violation:          0.00
  No. of Hold Violations:        0.00
  -----------------------------------


  Cell Count
  -----------------------------------
  Hierarchical Cell Count:          5
  Hierarchical Port Count:         20
  Leaf Cell Count:                 16
  Buf/Inv Cell Count:               8
  Buf Cell Count:                   1
  Inv Cell Count:                   7
  CT Buf/Inv Cell Count:            0
  Combinational Cell Count:        11
  Sequential Cell Count:            5
  Macro Count:                      0
  -----------------------------------


  Area
  -----------------------------------
  Combinational Area:       23.127104
  Noncombinational Area:    45.745921
  Buf/Inv Area:             11.690624
  Total Buffer Area:             2.03
  Total Inverter Area:           9.66
  Macro/Black Box Area:      0.000000
  Net Area:                  0.000000
  Net XLength        :        1104.02
  Net YLength        :          91.33
  -----------------------------------
  Cell Area:                68.873025
  Design Area:              68.873025
  Net Length        :         1195.36


  Design Rules
  -----------------------------------
  Total Number of Nets:            26
  Nets With Violations:             0
  Max Trans Violations:             0
  Max Cap Violations:               0
  -----------------------------------


  Hostname: mo.ece.pdx.edu

  Compile CPU Statistics
  -----------------------------------------
  Resource Sharing:                    0.00
  Logic Optimization:                  2.66
  Mapping Optimization:               13.02
  -----------------------------------------
  Overall Compile Time:               51.13
  Overall Compile Wall Clock Time:    56.53

  --------------------------------------------------------------------

  Design  WNS: 0.00  TNS: 0.00  Number of Violating Paths: 0


  Design (Hold)  WNS: 0.00  TNS: 0.00  Number of Violating Paths: 0

  --------------------------------------------------------------------


1
