
Information: Checking generated_clocks...

Information: Checking loops...

Information: Checking no_input_delay...

Information: Checking unconstrained_endpoints...

Warning: The following end-points are not constrained for maximum delay.

End point
---------------
ce1
ce2
ce3
ce4
ce5
ce6
ce7
ce8
ce9
ce10
ce11
ce12
ce13
ce14
ce15
ce16
ce17
ce18
ce19
ce110
ce111
ce112
ce113
ce114
ce115
ce116
ce117
ce118
ce119
ce1110
cf1
cf2
cf3
cf4
cf5
cf6
cf7
cf8
cf9
cf10
se1
se2
se3
se4
se5
se6
se7
se8
se9
se10
se11
se12
se13
se14
se15
se16
se17
se18
se19
se110
se111
se112
se113
se114
se115
se116
se117
se118
se119
se1110
sf1
sf2
sf3
sf4
sf5
sf6
sf7
sf8
sf9
sf10

Information: Checking pulse_clock_cell_type...

Information: Checking no_driving_cell...

Information: Checking partial_input_delay...
1
