 
****************************************
Report : timing
        -path full
        -delay max
        -derate
        -input_pins
        -nets
        -slack_lesser_than 0.0000
        -max_paths 10000
        -transition_time
        -crosstalk_delta
        -capacitance
Design : mux161
Version: P-2019.03-SP1-1
Date   : Thu Mar 11 20:12:41 2021
****************************************

 * Some/all delay information is back-annotated.

Operating Conditions: ss0p75v125c   Library: saed32lvt_ss0p75v125c
Wire Load Model Mode: Inactive.
No paths.

1
